2021-01-25 16:41:03,274 - C:/Users/Administrator/Desktop/demo/log.py[line:50] - DEBUG: debug
2021-01-25 16:41:03,274 - C:/Users/Administrator/Desktop/demo/log.py[line:51] - INFO: info
2021-01-25 16:41:03,274 - C:/Users/Administrator/Desktop/demo/log.py[line:52] - WARNING: 警告
2021-01-25 16:41:03,274 - C:/Users/Administrator/Desktop/demo/log.py[line:53] - ERROR: 报错
2021-01-25 16:41:03,274 - C:/Users/Administrator/Desktop/demo/log.py[line:54] - CRITICAL: 严重
2021-01-25 16:41:03,274 - C:/Users/Administrator/Desktop/demo/log.py[line:50] - DEBUG: debug
2021-01-25 16:41:03,274 - C:/Users/Administrator/Desktop/demo/log.py[line:51] - INFO: info
2021-01-25 16:41:03,279 - C:/Users/Administrator/Desktop/demo/log.py[line:52] - WARNING: 警告
2021-01-25 16:41:03,279 - C:/Users/Administrator/Desktop/demo/log.py[line:53] - ERROR: 报错
2021-01-25 16:41:03,279 - C:/Users/Administrator/Desktop/demo/log.py[line:54] - CRITICAL: 严重
2021-01-25 16:41:03,279 - C:/Users/Administrator/Desktop/demo/log.py[line:50] - DEBUG: debug
2021-01-25 16:41:03,279 - C:/Users/Administrator/Desktop/demo/log.py[line:51] - INFO: info
2021-01-25 16:41:03,279 - C:/Users/Administrator/Desktop/demo/log.py[line:52] - WARNING: 警告
2021-01-25 16:41:03,279 - C:/Users/Administrator/Desktop/demo/log.py[line:53] - ERROR: 报错
2021-01-25 16:41:03,279 - C:/Users/Administrator/Desktop/demo/log.py[line:54] - CRITICAL: 严重
2021-01-25 16:41:03,279 - C:/Users/Administrator/Desktop/demo/log.py[line:50] - DEBUG: debug
2021-01-25 16:41:03,279 - C:/Users/Administrator/Desktop/demo/log.py[line:51] - INFO: info
2021-01-25 16:41:03,279 - C:/Users/Administrator/Desktop/demo/log.py[line:52] - WARNING: 警告
2021-01-25 16:41:03,279 - C:/Users/Administrator/Desktop/demo/log.py[line:53] - ERROR: 报错
2021-01-25 16:41:03,279 - C:/Users/Administrator/Desktop/demo/log.py[line:54] - CRITICAL: 严重
2021-01-25 16:43:27,664 - C:/Users/Administrator/Desktop/demo/log.py[line:49] - DEBUG: debug
2021-01-25 16:43:27,664 - C:/Users/Administrator/Desktop/demo/log.py[line:50] - INFO: info
2021-01-25 16:43:27,664 - C:/Users/Administrator/Desktop/demo/log.py[line:51] - WARNING: 警告
2021-01-25 16:43:27,664 - C:/Users/Administrator/Desktop/demo/log.py[line:52] - ERROR: 报错
2021-01-25 16:43:27,664 - C:/Users/Administrator/Desktop/demo/log.py[line:53] - CRITICAL: 严重
2021-01-25 16:43:27,664 - C:/Users/Administrator/Desktop/demo/log.py[line:49] - DEBUG: debug
2021-01-25 16:43:27,664 - C:/Users/Administrator/Desktop/demo/log.py[line:50] - INFO: info
2021-01-25 16:43:27,664 - C:/Users/Administrator/Desktop/demo/log.py[line:51] - WARNING: 警告
2021-01-25 16:43:27,664 - C:/Users/Administrator/Desktop/demo/log.py[line:52] - ERROR: 报错
2021-01-25 16:43:27,664 - C:/Users/Administrator/Desktop/demo/log.py[line:53] - CRITICAL: 严重
2021-01-25 16:43:27,664 - C:/Users/Administrator/Desktop/demo/log.py[line:49] - DEBUG: debug
2021-01-25 16:43:27,664 - C:/Users/Administrator/Desktop/demo/log.py[line:50] - INFO: info
2021-01-25 16:43:27,664 - C:/Users/Administrator/Desktop/demo/log.py[line:51] - WARNING: 警告
2021-01-25 16:43:27,664 - C:/Users/Administrator/Desktop/demo/log.py[line:52] - ERROR: 报错
2021-01-25 16:43:27,664 - C:/Users/Administrator/Desktop/demo/log.py[line:53] - CRITICAL: 严重
2021-01-25 16:43:27,664 - C:/Users/Administrator/Desktop/demo/log.py[line:49] - DEBUG: debug
2021-01-25 16:43:27,664 - C:/Users/Administrator/Desktop/demo/log.py[line:50] - INFO: info
2021-01-25 16:43:27,664 - C:/Users/Administrator/Desktop/demo/log.py[line:51] - WARNING: 警告
2021-01-25 16:43:27,664 - C:/Users/Administrator/Desktop/demo/log.py[line:52] - ERROR: 报错
2021-01-25 16:43:27,664 - C:/Users/Administrator/Desktop/demo/log.py[line:53] - CRITICAL: 严重
2021-01-25 16:47:39,502 - C:/Users/Administrator/Desktop/demo/log.py[line:42] - DEBUG: debug
2021-01-25 16:47:49,507 - C:/Users/Administrator/Desktop/demo/log.py[line:42] - DEBUG: debug
2021-01-25 16:47:59,499 - C:/Users/Administrator/Desktop/demo/log.py[line:42] - DEBUG: debug
2021-01-25 16:48:09,503 - C:/Users/Administrator/Desktop/demo/log.py[line:42] - DEBUG: debug
2021-01-25 16:50:53,194 - C:/Users/Administrator/Desktop/demo/log.py[line:42] - DEBUG: debug
